[Wed, 24. Jul 2019 11:46:03 CDT | ID 250044591686811669] Rare Akuma ☆: help
[Wed, 24. Jul 2019 11:49:27 CDT | ID 250044591686811669] Rare Akuma ☆: tell
[Wed, 24. Jul 2019 14:21:15 CDT | ID 250044591686811669] Rare Akuma ☆: say khe
[Wed, 24. Jul 2019 14:21:35 CDT | ID 250044591686811669] Rare Akuma ☆: say eeeeeeeeeeeeeeeeeeeeeooooo
[Wed, 24. Jul 2019 16:00:18 CDT | ID 603406441780477963] GitHub: 
[Wed, 24. Jul 2019 16:29:52 CDT | ID 250044591686811669] Rare Akuma ☆: help
[Wed, 24. Jul 2019 17:30:56 CDT | ID 250044591686811669] Rare Akuma ☆: give pepelotas diamond_block 10
[Wed, 24. Jul 2019 17:31:28 CDT | ID 250044591686811669] Rare Akuma ☆: experience add pepelotas 200 levels
[Wed, 24. Jul 2019 19:56:30 CDT | ID 250044591686811669] Rare Akuma ☆: experience add  magumboss 50 levels
[Wed, 24. Jul 2019 19:56:57 CDT | ID 250044591686811669] Rare Akuma ☆: experience add magumboss 50 levels
[Wed, 24. Jul 2019 20:00:24 CDT | ID 603721780913504322] GitHub: 
[Wed, 24. Jul 2019 20:02:24 CDT | ID 250044591686811669] Rare Akuma ☆: D:
[Wed, 24. Jul 2019 20:08:49 CDT | ID 250044591686811669] Rare Akuma ☆: give pinolito tag 5
[Wed, 24. Jul 2019 20:09:40 CDT | ID 250044591686811669] Rare Akuma ☆: give pinolito name_tag 5
[Wed, 24. Jul 2019 22:10:27 CDT | ID 250044591686811669] Rare Akuma ☆: experience add magumboss 50 levels
[Wed, 24. Jul 2019 22:12:46 CDT | ID 250044591686811669] Rare Akuma ☆: give magumbos bow 10
[Wed, 24. Jul 2019 22:12:56 CDT | ID 250044591686811669] Rare Akuma ☆: give magumboss bow 10
[Wed, 24. Jul 2019 22:13:20 CDT | ID 250044591686811669] Rare Akuma ☆: experience add magumboss 50 levels
[Wed, 24. Jul 2019 22:14:44 CDT | ID 250044591686811669] Rare Akuma ☆: experience add magumboss 50 levels
[Wed, 24. Jul 2019 22:18:14 CDT | ID 250044591686811669] Rare Akuma ☆: give magumboss bow 10
[Thu, 25. Jul 2019 14:33:01 CDT | ID 250044591686811669] Rare Akuma ☆: whitelist
[Thu, 25. Jul 2019 14:33:09 CDT | ID 250044591686811669] Rare Akuma ☆: help
[Thu, 25. Jul 2019 14:34:44 CDT | ID 250044591686811669] Rare Akuma ☆: whitelist add pinolito
[Thu, 25. Jul 2019 14:35:00 CDT | ID 250044591686811669] Rare Akuma ☆: whitelist add magumboss
[Thu, 25. Jul 2019 14:35:26 CDT | ID 250044591686811669] Rare Akuma ☆: whitelist add Jacqueline
[Thu, 25. Jul 2019 14:35:45 CDT | ID 250044591686811669] Rare Akuma ☆: whitelist add PEPELOTAS
[Thu, 25. Jul 2019 14:36:04 CDT | ID 250044591686811669] Rare Akuma ☆: whitelist add aomali2
[Thu, 25. Jul 2019 14:59:49 CDT | ID 250044591686811669] Rare Akuma ☆: tps
[Thu, 25. Jul 2019 19:50:20 CDT | ID 250044591686811669] Rare Akuma ☆: tps
[Thu, 25. Jul 2019 20:02:43 CDT | ID 250044591686811669] Rare Akuma ☆: Whitelist on
[Thu, 25. Jul 2019 21:39:30 CDT | ID 250044591686811669] Rare Akuma ☆: tps
[Thu, 25. Jul 2019 21:44:16 CDT | ID 250044591686811669] Rare Akuma ☆: tps
[Thu, 25. Jul 2019 22:05:59 CDT | ID 250044591686811669] Rare Akuma ☆: tps
[Thu, 25. Jul 2019 22:06:27 CDT | ID 250044591686811669] Rare Akuma ☆: whitelist off
[Fri, 26. Jul 2019 19:24:51 CDT | ID 250044591686811669] Rare Akuma ☆: tps
[Sat, 27. Jul 2019 13:22:11 CDT | ID 250044591686811669] Rare Akuma ☆: TPS
[Sat, 27. Jul 2019 13:49:00 CDT | ID 250044591686811669] Rare Akuma ☆: tps
[Sat, 27. Jul 2019 13:59:17 CDT | ID 250044591686811669] Rare Akuma ☆: gamemode creative magumboss
[Sat, 27. Jul 2019 14:00:50 CDT | ID 250044591686811669] Rare Akuma ☆: tp magumboss buster
[Sat, 27. Jul 2019 14:03:14 CDT | ID 250044591686811669] Rare Akuma ☆: tp magumboss axfer06
[Sat, 27. Jul 2019 17:52:28 CDT | ID 250044591686811669] Rare Akuma ☆: tps
[Sat, 27. Jul 2019 22:24:17 CDT | ID 250044591686811669] Rare Akuma ☆: tps
[Sun, 28. Jul 2019 01:23:22 CDT | ID 250044591686811669] Rare Akuma ☆: give magumboss command_block
[Sun, 28. Jul 2019 01:42:34 CDT | ID 250044591686811669] Rare Akuma ☆: fill [X1] [Y1] [Z1] [X2] [Y2] [Z2] [command_block] replace air
[Sun, 28. Jul 2019 01:43:16 CDT | ID 250044591686811669] Rare Akuma ☆: fill [X1] [Y1] [Z1] [X2] [Y2] [Z2] air replace [command_block]
[Sun, 28. Jul 2019 01:43:57 CDT | ID 250044591686811669] Rare Akuma ☆: fill [X1] [Y1] [Z1] [X2] [Y2] [Z2] air 0 replace [command_block]
[Sun, 28. Jul 2019 01:46:40 CDT | ID 250044591686811669] Rare Akuma ☆: kill command_block
[Sun, 28. Jul 2019 01:47:04 CDT | ID 250044591686811669] Rare Akuma ☆: clear command_block
[Sun, 28. Jul 2019 01:50:20 CDT | ID 250044591686811669] Rare Akuma ☆: fill 180 72 -130 172 72 -138 minecraft:air
[Sun, 28. Jul 2019 02:18:03 CDT | ID 250044591686811669] Rare Akuma ☆: fill ~ ~ ~-1 ~ ~149 ~-90 undefined
[Sun, 28. Jul 2019 02:18:38 CDT | ID 250044591686811669] Rare Akuma ☆: fill ~ ~ ~-1 ~ ~149 ~-90 minecraft:air
[Sun, 28. Jul 2019 15:47:46 CDT | ID 250044591686811669] Rare Akuma ☆: give aomali2 iron_block 10
[Sun, 28. Jul 2019 20:52:39 CDT | ID 250044591686811669] Rare Akuma ☆: give pinolito name_tag 10
[Mon, 29. Jul 2019 22:20:47 CDT | ID 250044591686811669] Rare Akuma ☆: Tps
[Tue, 30. Jul 2019 10:31:04 CDT | ID 250044591686811669] Rare Akuma ☆: tps
[Tue, 30. Jul 2019 11:05:13 CDT | ID 250044591686811669] Rare Akuma ☆: save-all
[Wed, 7. Aug 2019 14:18:55 CDT | ID 250044591686811669] Rare Akuma ☆: tps
