[00:06:26] [Server thread/INFO]: Adrian lost connection: Disconnected
[00:06:26] [Server thread/INFO]: Adrian left the game
[06:29:23] [JDA MainWS-WriteThread/WARN]: [DiscordSRV] [JDA] Got disconnected from WebSocket. Attempting to resume session
[06:29:25] [JDA MainWS-ReadThread/INFO]: [DiscordSRV] [JDA] Successfully resumed Session!
[15:08:49] [User Authenticator #420/INFO]: UUID of player Jacqueline is a8b36647-c550-363b-a03c-d1a1a47d61aa
[15:08:49] [Server thread/INFO]: Jacqueline[/187.188.76.120:22196] logged in with entity id 469915 at ([maincra-server]-84.62968113381324, 69.0625, -255.04590585316376)
[15:43:37] [User Authenticator #421/INFO]: UUID of player PEPELOTAS is d5f91576-cbcc-34dc-bf95-ba7d82e6c470
[15:43:38] [Server thread/INFO]: PEPELOTAS[/187.189.187.177:18180] logged in with entity id 471740 at ([maincra-server]-25.32592014201221, 65.0, -208.3841059692719)
[15:43:52] [Server thread/INFO]: PEPELOTAS issued server command: /tp Jacqueline
[15:43:52] [Server thread/INFO]: [PEPELOTAS: Teleported PEPELOTAS to Jacqueline]
[15:44:01] [Async Chat Thread - #172/INFO]: <PEPELOTAS> ya te vi[m
[15:45:26] [Server thread/INFO]: PEPELOTAS lost connection: Disconnected
[15:45:26] [Server thread/INFO]: PEPELOTAS left the game
[15:55:02] [User Authenticator #422/INFO]: UUID of player selfepidemiic is 4e631165-bb87-3382-8be6-eab3c023c909
[15:55:03] [Server thread/INFO]: selfepidemiic[/189.239.23.28:59370] logged in with entity id 472055 at ([maincra-server]-296.27966511458567, 63.0, -822.0814122725736)
[16:02:35] [User Authenticator #423/INFO]: UUID of player Adrian is 2d75aef4-517b-392c-945d-19c3b3c59e06
[16:02:36] [Server thread/INFO]: Adrian[/187.233.210.247:51515] logged in with entity id 473187 at ([maincra-server]-285.7143514584511, 63.0, -821.6453889528029)
[16:03:22] [Server thread/WARN]: Can't keep up! Is the server overloaded? Running 5008ms or 100 ticks behind
[16:10:31] [Server thread/INFO]: Jacqueline lost connection: Disconnected
[16:10:31] [Server thread/INFO]: Jacqueline left the game
[16:27:38] [Server thread/WARN]: Adrian moved wrongly!
[16:28:32] [Server thread/INFO]: Adrian lost connection: Disconnected
[16:28:32] [Server thread/INFO]: Adrian left the game
[16:28:38] [User Authenticator #424/INFO]: UUID of player Adrian is 2d75aef4-517b-392c-945d-19c3b3c59e06
[16:28:38] [Server thread/INFO]: Adrian[/187.233.210.247:9557] logged in with entity id 476252 at ([maincra-server]-292.03484447443753, 64.5, -837.5050263047035)
[16:40:05] [Server thread/INFO]: Adrian lost connection: Disconnected
[16:40:05] [Server thread/INFO]: Adrian left the game
[16:40:12] [User Authenticator #425/INFO]: UUID of player Adrian is 2d75aef4-517b-392c-945d-19c3b3c59e06
[16:40:12] [Server thread/INFO]: Adrian[/187.233.210.247:51792] logged in with entity id 476760 at ([maincra-server]-284.50711600311365, 63.0, -842.8790692544785)
[17:05:22] [User Authenticator #426/INFO]: UUID of player PEPELOTAS is d5f91576-cbcc-34dc-bf95-ba7d82e6c470
[17:05:22] [Server thread/INFO]: PEPELOTAS[/187.189.187.177:18147] logged in with entity id 477841 at ([maincra-server]-88.32112921336532, 73.37620711787368, -219.45771877313473)
[17:05:54] [Server thread/INFO]: [@: Applied effect Mining Fatigue to PEPELOTAS]
[17:05:54] [Server thread/INFO]: [@: Applied effect Mining Fatigue to PEPELOTAS]
[17:05:54] [Server thread/INFO]: [@: Applied effect Mining Fatigue to PEPELOTAS]
[17:05:54] [Server thread/INFO]: [@: Applied effect Mining Fatigue to PEPELOTAS]
[17:05:54] [Server thread/INFO]: [@: Applied effect Mining Fatigue to PEPELOTAS]
[17:05:54] [Server thread/INFO]: [@: Applied effect Mining Fatigue to PEPELOTAS]
[17:05:54] [Server thread/INFO]: [@: Applied effect Mining Fatigue to PEPELOTAS]
[17:05:54] [Server thread/INFO]: [@: Applied effect Mining Fatigue to PEPELOTAS]
[17:05:54] [Server thread/INFO]: [@: Applied effect Mining Fatigue to PEPELOTAS]
[17:05:54] [Server thread/INFO]: [@: Applied effect Mining Fatigue to PEPELOTAS]
[17:05:54] [Server thread/INFO]: [@: Applied effect Mining Fatigue to PEPELOTAS]
[17:05:54] [Server thread/INFO]: [@: Applied effect Mining Fatigue to PEPELOTAS]
[17:05:54] [Server thread/INFO]: [@: Applied effect Mining Fatigue to PEPELOTAS]
[17:05:54] [Server thread/INFO]: [@: Applied effect Mining Fatigue to PEPELOTAS]
[17:05:54] [Server thread/INFO]: [@: Applied effect Mining Fatigue to PEPELOTAS]
[17:05:54] [Server thread/INFO]: selfepidemiic lost connection: Disconnected
[17:05:54] [Server thread/INFO]: selfepidemiic left the game
[17:05:54] [Server thread/INFO]: [@: Applied effect Mining Fatigue to PEPELOTAS]
[17:05:54] [Server thread/INFO]: [@: Applied effect Mining Fatigue to PEPELOTAS]
[17:05:54] [Server thread/INFO]: [@: Applied effect Mining Fatigue to PEPELOTAS]
[17:05:54] [Server thread/INFO]: [@: Applied effect Mining Fatigue to PEPELOTAS]
[17:05:54] [Server thread/INFO]: [@: Applied effect Mining Fatigue to PEPELOTAS]
[17:05:55] [Server thread/INFO]: [@: Applied effect Mining Fatigue to PEPELOTAS]
[17:05:55] [Server thread/INFO]: [@: Applied effect Mining Fatigue to PEPELOTAS]
[17:05:55] [Server thread/INFO]: [@: Applied effect Mining Fatigue to PEPELOTAS]
[17:05:55] [Server thread/INFO]: [@: Applied effect Mining Fatigue to PEPELOTAS]
[17:05:55] [Server thread/INFO]: [@: Applied effect Mining Fatigue to PEPELOTAS]
[17:05:55] [Server thread/INFO]: [@: Applied effect Mining Fatigue to PEPELOTAS]
[17:05:55] [Server thread/INFO]: [@: Applied effect Mining Fatigue to PEPELOTAS]
[17:05:55] [Server thread/INFO]: [@: Applied effect Mining Fatigue to PEPELOTAS]
[17:05:55] [Server thread/INFO]: [@: Applied effect Mining Fatigue to PEPELOTAS]
[17:05:55] [Server thread/INFO]: [@: Applied effect Mining Fatigue to PEPELOTAS]
[17:05:55] [Server thread/INFO]: [@: Applied effect Mining Fatigue to PEPELOTAS]
[17:05:55] [Server thread/INFO]: [@: Applied effect Mining Fatigue to PEPELOTAS]
[17:05:55] [Server thread/INFO]: [@: Applied effect Mining Fatigue to PEPELOTAS]
[17:05:55] [Server thread/INFO]: [@: Applied effect Mining Fatigue to PEPELOTAS]
[17:05:55] [Server thread/INFO]: [@: Applied effect Mining Fatigue to PEPELOTAS]
[17:05:55] [Server thread/INFO]: [@: Applied effect Mining Fatigue to PEPELOTAS]
[17:05:55] [Server thread/INFO]: [@: Applied effect Mining Fatigue to PEPELOTAS]
[17:05:55] [Server thread/INFO]: [@: Applied effect Mining Fatigue to PEPELOTAS]
[17:05:55] [Server thread/INFO]: [@: Applied effect Mining Fatigue to PEPELOTAS]
[17:05:55] [User Authenticator #427/INFO]: UUID of player selfepidemiic is 4e631165-bb87-3382-8be6-eab3c023c909
[17:05:56] [Server thread/INFO]: selfepidemiic[/189.239.23.28:59469] logged in with entity id 477980 at ([maincra-server]-287.30937959509697, 69.0, -795.6925135717896)
[17:05:56] [Server thread/INFO]: [@: Applied effect Mining Fatigue to PEPELOTAS]
[17:05:56] [Server thread/INFO]: [@: Applied effect Mining Fatigue to PEPELOTAS]
[17:05:56] [Server thread/INFO]: [@: Applied effect Mining Fatigue to PEPELOTAS]
[17:05:56] [Server thread/INFO]: [@: Applied effect Mining Fatigue to PEPELOTAS]
[17:05:56] [Server thread/INFO]: [@: Applied effect Mining Fatigue to PEPELOTAS]
[17:05:56] [Server thread/INFO]: [@: Applied effect Mining Fatigue to PEPELOTAS]
[17:05:56] [Server thread/INFO]: [@: Applied effect Mining Fatigue to PEPELOTAS]
[17:05:56] [Server thread/INFO]: [@: Applied effect Mining Fatigue to PEPELOTAS]
[17:05:56] [Server thread/INFO]: [@: Applied effect Mining Fatigue to PEPELOTAS]
[17:05:56] [Server thread/INFO]: [@: Applied effect Mining Fatigue to PEPELOTAS]
[17:05:56] [Server thread/INFO]: [@: Applied effect Mining Fatigue to PEPELOTAS]
[17:05:56] [Server thread/INFO]: [@: Applied effect Mining Fatigue to PEPELOTAS]
[17:05:56] [Server thread/INFO]: [@: Applied effect Mining Fatigue to PEPELOTAS]
[17:05:56] [Server thread/INFO]: [@: Applied effect Mining Fatigue to PEPELOTAS]
[17:05:56] [Server thread/INFO]: [@: Applied effect Mining Fatigue to PEPELOTAS]
[17:05:56] [Server thread/INFO]: [@: Applied effect Mining Fatigue to PEPELOTAS]
[17:05:56] [Server thread/INFO]: [@: Applied effect Mining Fatigue to PEPELOTAS]
[17:05:56] [Server thread/INFO]: [@: Applied effect Mining Fatigue to PEPELOTAS]
[17:05:56] [Server thread/INFO]: [@: Applied effect Mining Fatigue to PEPELOTAS]
[17:05:56] [Server thread/INFO]: [@: Applied effect Mining Fatigue to PEPELOTAS]
[17:05:56] [Server thread/INFO]: [@: Applied effect Mining Fatigue to PEPELOTAS]
[17:05:57] [Server thread/INFO]: [@: Applied effect Mining Fatigue to PEPELOTAS]
[17:05:57] [Server thread/INFO]: [@: Applied effect Mining Fatigue to PEPELOTAS]
[17:05:57] [Server thread/INFO]: [@: Applied effect Mining Fatigue to PEPELOTAS]
[17:05:57] [Server thread/INFO]: [@: Applied effect Mining Fatigue to PEPELOTAS]
[17:05:57] [Server thread/INFO]: [@: Applied effect Mining Fatigue to PEPELOTAS]
[17:05:57] [Server thread/INFO]: [@: Applied effect Mining Fatigue to PEPELOTAS]
[17:05:57] [Server thread/INFO]: [@: Applied effect Mining Fatigue to PEPELOTAS]
[17:05:57] [Server thread/INFO]: [@: Applied effect Mining Fatigue to PEPELOTAS]
[17:05:57] [Server thread/INFO]: [@: Applied effect Mining Fatigue to PEPELOTAS]
[17:05:57] [Server thread/INFO]: [@: Applied effect Mining Fatigue to PEPELOTAS]
[17:05:57] [Server thread/INFO]: [@: Applied effect Mining Fatigue to PEPELOTAS]
[17:05:57] [Server thread/INFO]: [@: Applied effect Mining Fatigue to PEPELOTAS]
[17:05:57] [Server thread/INFO]: [@: Applied effect Mining Fatigue to PEPELOTAS]
[17:05:57] [Server thread/INFO]: [@: Applied effect Mining Fatigue to PEPELOTAS]
[17:05:57] [Server thread/INFO]: [@: Applied effect Mining Fatigue to PEPELOTAS]
[17:05:57] [Server thread/INFO]: [@: Applied effect Mining Fatigue to PEPELOTAS]
[17:05:57] [Server thread/INFO]: [@: Applied effect Mining Fatigue to PEPELOTAS]
[17:05:57] [Server thread/INFO]: [@: Applied effect Mining Fatigue to PEPELOTAS]
[17:05:57] [Server thread/INFO]: [@: Applied effect Mining Fatigue to PEPELOTAS]
[17:05:57] [Server thread/INFO]: [@: Applied effect Mining Fatigue to PEPELOTAS]
[17:05:58] [Server thread/INFO]: [@: Applied effect Mining Fatigue to PEPELOTAS]
[17:05:58] [Server thread/INFO]: [@: Applied effect Mining Fatigue to PEPELOTAS]
[17:05:58] [Server thread/INFO]: [@: Applied effect Mining Fatigue to PEPELOTAS]
[17:05:58] [Server thread/INFO]: [@: Applied effect Mining Fatigue to PEPELOTAS]
[17:05:58] [Server thread/INFO]: [@: Applied effect Mining Fatigue to PEPELOTAS]
[17:05:58] [Server thread/INFO]: [@: Applied effect Mining Fatigue to PEPELOTAS]
[17:05:58] [Server thread/INFO]: [@: Applied effect Mining Fatigue to PEPELOTAS]
[17:05:58] [Server thread/INFO]: [@: Applied effect Mining Fatigue to PEPELOTAS]
[17:05:58] [Server thread/INFO]: [@: Applied effect Mining Fatigue to PEPELOTAS]
[17:05:58] [Server thread/INFO]: [@: Applied effect Mining Fatigue to PEPELOTAS]
[17:05:58] [Server thread/INFO]: [@: Applied effect Mining Fatigue to PEPELOTAS]
[17:05:58] [Server thread/INFO]: [@: Applied effect Mining Fatigue to PEPELOTAS]
[17:05:58] [Server thread/INFO]: [@: Applied effect Mining Fatigue to PEPELOTAS]
[17:05:58] [Server thread/INFO]: [@: Applied effect Mining Fatigue to PEPELOTAS]
[17:05:58] [Server thread/INFO]: [@: Applied effect Mining Fatigue to PEPELOTAS]
[17:05:58] [Server thread/INFO]: [@: Applied effect Mining Fatigue to PEPELOTAS]
[17:05:58] [Server thread/INFO]: [@: Applied effect Mining Fatigue to PEPELOTAS]
[17:05:58] [Server thread/INFO]: [@: Applied effect Mining Fatigue to PEPELOTAS]
[17:05:58] [Server thread/INFO]: [@: Applied effect Mining Fatigue to PEPELOTAS]
[17:05:58] [Server thread/INFO]: [@: Applied effect Mining Fatigue to PEPELOTAS]
[17:05:59] [Server thread/INFO]: [@: Applied effect Mining Fatigue to PEPELOTAS]
[17:05:59] [Server thread/INFO]: [@: Applied effect Mining Fatigue to PEPELOTAS]
[17:05:59] [Server thread/INFO]: [@: Applied effect Mining Fatigue to PEPELOTAS]
[17:05:59] [Server thread/INFO]: [@: Applied effect Mining Fatigue to PEPELOTAS]
[17:05:59] [Server thread/INFO]: [@: Applied effect Mining Fatigue to PEPELOTAS]
[17:05:59] [Server thread/INFO]: [@: Applied effect Mining Fatigue to PEPELOTAS]
[17:05:59] [Server thread/INFO]: [@: Applied effect Mining Fatigue to PEPELOTAS]
[17:05:59] [Server thread/INFO]: [@: Applied effect Mining Fatigue to PEPELOTAS]
[17:05:59] [Server thread/INFO]: [@: Applied effect Mining Fatigue to PEPELOTAS]
[17:05:59] [Server thread/INFO]: [@: Applied effect Mining Fatigue to PEPELOTAS]
[17:05:59] [Server thread/INFO]: [@: Applied effect Mining Fatigue to PEPELOTAS]
[17:05:59] [Server thread/INFO]: [@: Applied effect Mining Fatigue to PEPELOTAS]
[17:05:59] [Server thread/INFO]: [@: Applied effect Mining Fatigue to PEPELOTAS]
[17:05:59] [Server thread/INFO]: [@: Applied effect Mining Fatigue to PEPELOTAS]
[17:05:59] [Server thread/INFO]: [@: Applied effect Mining Fatigue to PEPELOTAS]
[17:05:59] [Server thread/INFO]: [@: Applied effect Mining Fatigue to PEPELOTAS]
[17:05:59] [Server thread/INFO]: [@: Applied effect Mining Fatigue to PEPELOTAS]
[17:05:59] [Server thread/INFO]: [@: Applied effect Mining Fatigue to PEPELOTAS]
[17:05:59] [Server thread/INFO]: [@: Applied effect Mining Fatigue to PEPELOTAS]
[17:05:59] [Server thread/INFO]: [@: Applied effect Mining Fatigue to PEPELOTAS]
[17:06:00] [Server thread/INFO]: [@: Applied effect Mining Fatigue to PEPELOTAS]
[17:06:00] [Server thread/INFO]: [@: Applied effect Mining Fatigue to PEPELOTAS]
[17:06:00] [Server thread/INFO]: [@: Applied effect Mining Fatigue to PEPELOTAS]
[17:06:00] [Server thread/INFO]: [@: Applied effect Mining Fatigue to PEPELOTAS]
[17:06:00] [Server thread/INFO]: [@: Applied effect Mining Fatigue to PEPELOTAS]
[17:06:00] [Server thread/INFO]: [@: Applied effect Mining Fatigue to PEPELOTAS]
[17:06:00] [Server thread/INFO]: [@: Applied effect Mining Fatigue to PEPELOTAS]
[17:06:00] [Server thread/INFO]: [@: Applied effect Mining Fatigue to PEPELOTAS]
[17:06:00] [Server thread/INFO]: [@: Applied effect Mining Fatigue to PEPELOTAS]
[17:06:00] [Server thread/INFO]: [@: Applied effect Mining Fatigue to PEPELOTAS]
[17:06:00] [Server thread/INFO]: [@: Applied effect Mining Fatigue to PEPELOTAS]
[17:06:00] [Server thread/INFO]: [@: Applied effect Mining Fatigue to PEPELOTAS]
[17:06:00] [Server thread/INFO]: [@: Applied effect Mining Fatigue to PEPELOTAS]
[17:06:00] [Server thread/INFO]: [@: Applied effect Mining Fatigue to PEPELOTAS]
[17:06:00] [Server thread/INFO]: [@: Applied effect Mining Fatigue to PEPELOTAS]
[17:06:00] [Server thread/INFO]: [@: Applied effect Mining Fatigue to PEPELOTAS]
[17:06:00] [Server thread/INFO]: [@: Applied effect Mining Fatigue to PEPELOTAS]
[17:06:00] [Server thread/INFO]: [@: Applied effect Mining Fatigue to PEPELOTAS]
[17:06:00] [Server thread/INFO]: [@: Applied effect Mining Fatigue to PEPELOTAS]
[17:06:00] [Server thread/INFO]: [@: Applied effect Mining Fatigue to PEPELOTAS]
[17:06:01] [Server thread/INFO]: [@: Applied effect Mining Fatigue to PEPELOTAS]
[17:06:01] [Server thread/INFO]: [@: Applied effect Mining Fatigue to PEPELOTAS]
[17:06:01] [Server thread/INFO]: [@: Applied effect Mining Fatigue to PEPELOTAS]
[17:06:01] [Server thread/INFO]: [@: Applied effect Mining Fatigue to PEPELOTAS]
[17:06:01] [Server thread/INFO]: [@: Applied effect Mining Fatigue to PEPELOTAS]
[17:06:01] [Server thread/INFO]: [@: Applied effect Mining Fatigue to PEPELOTAS]
[17:06:01] [Server thread/INFO]: [@: Applied effect Mining Fatigue to PEPELOTAS]
[17:06:01] [Server thread/INFO]: [@: Applied effect Mining Fatigue to PEPELOTAS]
[17:06:01] [Server thread/INFO]: [@: Applied effect Mining Fatigue to PEPELOTAS]
[17:06:01] [Server thread/INFO]: [@: Applied effect Mining Fatigue to PEPELOTAS]
[17:06:01] [Server thread/INFO]: [@: Applied effect Mining Fatigue to PEPELOTAS]
[17:06:01] [Server thread/INFO]: [@: Applied effect Mining Fatigue to PEPELOTAS]
[17:06:01] [Server thread/INFO]: [@: Applied effect Mining Fatigue to PEPELOTAS]
[17:06:01] [Server thread/INFO]: [@: Applied effect Mining Fatigue to PEPELOTAS]
[17:06:01] [Server thread/INFO]: [@: Applied effect Mining Fatigue to PEPELOTAS]
[17:06:01] [Server thread/INFO]: [@: Applied effect Mining Fatigue to PEPELOTAS]
[17:06:01] [Server thread/INFO]: [@: Applied effect Mining Fatigue to PEPELOTAS]
[17:06:01] [Server thread/INFO]: [@: Applied effect Mining Fatigue to PEPELOTAS]
[17:06:01] [Server thread/INFO]: [@: Applied effect Mining Fatigue to PEPELOTAS]
[17:06:01] [Server thread/INFO]: [@: Applied effect Mining Fatigue to PEPELOTAS]
[17:06:02] [Server thread/INFO]: [@: Applied effect Mining Fatigue to PEPELOTAS]
[17:06:02] [Server thread/INFO]: [@: Applied effect Mining Fatigue to PEPELOTAS]
[17:06:02] [Server thread/INFO]: [@: Applied effect Mining Fatigue to PEPELOTAS]
[17:06:02] [Server thread/INFO]: [@: Applied effect Mining Fatigue to PEPELOTAS]
[17:06:02] [Server thread/INFO]: [@: Applied effect Mining Fatigue to PEPELOTAS]
[17:06:02] [Server thread/INFO]: [@: Applied effect Mining Fatigue to PEPELOTAS]
[17:06:02] [Server thread/INFO]: [@: Applied effect Mining Fatigue to PEPELOTAS]
[17:06:02] [Server thread/INFO]: [@: Applied effect Mining Fatigue to PEPELOTAS]
[17:06:02] [Server thread/INFO]: [@: Applied effect Mining Fatigue to PEPELOTAS]
[17:06:02] [Server thread/INFO]: [@: Applied effect Mining Fatigue to PEPELOTAS]
[17:06:02] [Server thread/INFO]: [@: Applied effect Mining Fatigue to PEPELOTAS]
[17:06:02] [Server thread/INFO]: [@: Applied effect Mining Fatigue to PEPELOTAS]
[17:06:02] [Server thread/INFO]: [@: Applied effect Mining Fatigue to PEPELOTAS]
[17:06:02] [Server thread/INFO]: [@: Applied effect Mining Fatigue to PEPELOTAS]
[17:06:02] [Server thread/INFO]: [@: Applied effect Mining Fatigue to PEPELOTAS]
[17:06:02] [Server thread/INFO]: [@: Applied effect Mining Fatigue to PEPELOTAS]
[17:06:02] [Server thread/INFO]: [@: Applied effect Mining Fatigue to PEPELOTAS]
[17:06:02] [Server thread/INFO]: [@: Applied effect Mining Fatigue to PEPELOTAS]
[17:06:02] [Server thread/INFO]: [@: Applied effect Mining Fatigue to PEPELOTAS]
[17:06:02] [Server thread/INFO]: [@: Applied effect Mining Fatigue to PEPELOTAS]
[17:06:03] [Server thread/INFO]: [@: Applied effect Mining Fatigue to PEPELOTAS]
[17:06:03] [Server thread/INFO]: [@: Applied effect Mining Fatigue to PEPELOTAS]
[17:06:03] [Server thread/INFO]: [@: Applied effect Mining Fatigue to PEPELOTAS]
[17:06:03] [Server thread/INFO]: [@: Applied effect Mining Fatigue to PEPELOTAS]
[17:06:03] [Server thread/INFO]: [@: Applied effect Mining Fatigue to PEPELOTAS]
[17:06:03] [Server thread/INFO]: [@: Applied effect Mining Fatigue to PEPELOTAS]
[17:06:03] [Server thread/INFO]: [@: Applied effect Mining Fatigue to PEPELOTAS]
[17:06:03] [Server thread/INFO]: [@: Applied effect Mining Fatigue to PEPELOTAS]
[17:06:03] [Server thread/INFO]: [@: Applied effect Mining Fatigue to PEPELOTAS]
[17:06:03] [Server thread/INFO]: [@: Applied effect Mining Fatigue to PEPELOTAS]
[17:06:03] [Server thread/INFO]: [@: Applied effect Mining Fatigue to PEPELOTAS]
[17:06:03] [Server thread/INFO]: [@: Applied effect Mining Fatigue to PEPELOTAS]
[17:06:03] [Server thread/INFO]: [@: Applied effect Mining Fatigue to PEPELOTAS]
[17:06:03] [Server thread/INFO]: [@: Applied effect Mining Fatigue to PEPELOTAS]
[17:06:03] [Server thread/INFO]: [@: Applied effect Mining Fatigue to PEPELOTAS]
[17:06:03] [Server thread/INFO]: [@: Applied effect Mining Fatigue to PEPELOTAS]
[17:06:03] [Server thread/INFO]: [@: Applied effect Mining Fatigue to PEPELOTAS]
[17:06:03] [Server thread/INFO]: [@: Applied effect Mining Fatigue to PEPELOTAS]
[17:06:03] [Server thread/INFO]: [@: Applied effect Mining Fatigue to PEPELOTAS]
[17:06:03] [Server thread/INFO]: [@: Applied effect Mining Fatigue to PEPELOTAS]
[17:06:04] [Server thread/INFO]: [@: Applied effect Mining Fatigue to PEPELOTAS]
[17:06:04] [Server thread/INFO]: [@: Applied effect Mining Fatigue to PEPELOTAS]
[17:06:04] [Server thread/INFO]: [@: Applied effect Mining Fatigue to PEPELOTAS]
[17:06:04] [Server thread/INFO]: [@: Applied effect Mining Fatigue to PEPELOTAS]
[17:06:04] [Server thread/INFO]: [@: Applied effect Mining Fatigue to PEPELOTAS]
[17:06:04] [Server thread/INFO]: [@: Applied effect Mining Fatigue to PEPELOTAS]
[17:06:04] [Server thread/INFO]: [@: Applied effect Mining Fatigue to PEPELOTAS]
[17:06:04] [Server thread/INFO]: [@: Applied effect Mining Fatigue to PEPELOTAS]
[17:06:06] [Server thread/INFO]: [@: Applied effect Mining Fatigue to PEPELOTAS]
[17:06:06] [Server thread/INFO]: [@: Applied effect Mining Fatigue to PEPELOTAS]
[17:06:06] [Server thread/INFO]: [@: Applied effect Mining Fatigue to PEPELOTAS]
[17:06:06] [Server thread/INFO]: [@: Applied effect Mining Fatigue to PEPELOTAS]
[17:06:06] [Server thread/INFO]: [@: Applied effect Mining Fatigue to PEPELOTAS]
[17:06:06] [Server thread/INFO]: [@: Applied effect Mining Fatigue to PEPELOTAS]
[17:06:07] [Server thread/INFO]: [@: Applied effect Mining Fatigue to PEPELOTAS]
[17:06:07] [Server thread/INFO]: [@: Applied effect Mining Fatigue to PEPELOTAS]
[17:06:07] [Server thread/INFO]: [@: Applied effect Mining Fatigue to PEPELOTAS]
[17:06:07] [Server thread/INFO]: [@: Applied effect Mining Fatigue to PEPELOTAS]
[17:06:07] [Server thread/INFO]: [@: Applied effect Mining Fatigue to PEPELOTAS]
[17:06:07] [Server thread/INFO]: [@: Applied effect Mining Fatigue to PEPELOTAS]
[17:06:07] [Server thread/INFO]: [@: Applied effect Mining Fatigue to PEPELOTAS]
[17:06:07] [Server thread/INFO]: [@: Applied effect Mining Fatigue to PEPELOTAS]
[17:06:07] [Server thread/INFO]: [@: Applied effect Mining Fatigue to PEPELOTAS]
[17:06:07] [Server thread/INFO]: [@: Applied effect Mining Fatigue to PEPELOTAS]
[17:06:07] [Server thread/INFO]: [@: Applied effect Mining Fatigue to PEPELOTAS]
[17:06:07] [Server thread/INFO]: [@: Applied effect Mining Fatigue to PEPELOTAS]
[17:06:07] [Server thread/INFO]: [@: Applied effect Mining Fatigue to PEPELOTAS]
[17:06:07] [Server thread/INFO]: [@: Applied effect Mining Fatigue to PEPELOTAS]
[17:06:07] [Server thread/INFO]: [@: Applied effect Mining Fatigue to PEPELOTAS]
[17:06:08] [Server thread/INFO]: [@: Applied effect Mining Fatigue to PEPELOTAS]
[17:06:08] [Server thread/INFO]: [@: Applied effect Mining Fatigue to PEPELOTAS]
[17:06:08] [Server thread/INFO]: [@: Applied effect Mining Fatigue to PEPELOTAS]
[17:06:08] [Server thread/INFO]: [@: Applied effect Mining Fatigue to PEPELOTAS]
[17:06:08] [Server thread/INFO]: [@: Applied effect Mining Fatigue to PEPELOTAS]
[17:06:08] [Server thread/INFO]: [@: Applied effect Mining Fatigue to PEPELOTAS]
[17:06:08] [Server thread/INFO]: [@: Applied effect Mining Fatigue to PEPELOTAS]
[17:06:08] [Server thread/INFO]: [@: Applied effect Mining Fatigue to PEPELOTAS]
[17:06:08] [Server thread/INFO]: [@: Applied effect Mining Fatigue to PEPELOTAS]
[17:06:08] [Server thread/INFO]: [@: Applied effect Mining Fatigue to PEPELOTAS]
[17:06:08] [Server thread/INFO]: [@: Applied effect Mining Fatigue to PEPELOTAS]
[17:06:08] [Server thread/INFO]: [@: Applied effect Mining Fatigue to PEPELOTAS]
[17:06:08] [Server thread/INFO]: [@: Applied effect Mining Fatigue to PEPELOTAS]
[17:06:08] [Server thread/INFO]: [@: Applied effect Mining Fatigue to PEPELOTAS]
[17:06:08] [Server thread/INFO]: [@: Applied effect Mining Fatigue to PEPELOTAS]
[17:06:08] [Server thread/INFO]: [@: Applied effect Mining Fatigue to PEPELOTAS]
[17:06:08] [Server thread/INFO]: [@: Applied effect Mining Fatigue to PEPELOTAS]
[17:06:08] [Server thread/INFO]: [@: Applied effect Mining Fatigue to PEPELOTAS]
[17:06:08] [Server thread/INFO]: [@: Applied effect Mining Fatigue to PEPELOTAS]
[17:06:08] [Server thread/INFO]: [@: Applied effect Mining Fatigue to PEPELOTAS]
[17:06:09] [Server thread/INFO]: [@: Applied effect Mining Fatigue to PEPELOTAS]
[17:06:09] [Server thread/INFO]: [@: Applied effect Mining Fatigue to PEPELOTAS]
[17:06:09] [Server thread/INFO]: [@: Applied effect Mining Fatigue to PEPELOTAS]
[17:06:09] [Server thread/INFO]: [@: Applied effect Mining Fatigue to PEPELOTAS]
[17:06:09] [Server thread/INFO]: [@: Applied effect Mining Fatigue to PEPELOTAS]
[17:06:09] [Server thread/INFO]: [@: Applied effect Mining Fatigue to PEPELOTAS]
[17:06:09] [Server thread/INFO]: [@: Applied effect Mining Fatigue to PEPELOTAS]
[17:06:09] [Server thread/INFO]: [@: Applied effect Mining Fatigue to PEPELOTAS]
[17:06:09] [Server thread/INFO]: [@: Applied effect Mining Fatigue to PEPELOTAS]
[17:06:09] [Server thread/INFO]: [@: Applied effect Mining Fatigue to PEPELOTAS]
[17:06:09] [Server thread/INFO]: [@: Applied effect Mining Fatigue to PEPELOTAS]
[17:06:09] [Server thread/INFO]: [@: Applied effect Mining Fatigue to PEPELOTAS]
[17:06:09] [Server thread/INFO]: [@: Applied effect Mining Fatigue to PEPELOTAS]
[17:06:09] [Server thread/INFO]: [@: Applied effect Mining Fatigue to PEPELOTAS]
[17:06:09] [Server thread/INFO]: [@: Applied effect Mining Fatigue to PEPELOTAS]
[17:06:09] [Server thread/INFO]: [@: Applied effect Mining Fatigue to PEPELOTAS]
[17:06:09] [Server thread/INFO]: [@: Applied effect Mining Fatigue to PEPELOTAS]
[17:06:09] [Server thread/INFO]: [@: Applied effect Mining Fatigue to PEPELOTAS]
[17:06:09] [Server thread/INFO]: [@: Applied effect Mining Fatigue to PEPELOTAS]
[17:06:09] [Server thread/INFO]: [@: Applied effect Mining Fatigue to PEPELOTAS]
[17:06:10] [Server thread/INFO]: [@: Applied effect Mining Fatigue to PEPELOTAS]
[17:06:10] [Server thread/INFO]: [@: Applied effect Mining Fatigue to PEPELOTAS]
[17:06:10] [Server thread/INFO]: [@: Applied effect Mining Fatigue to PEPELOTAS]
[17:06:10] [Server thread/INFO]: [@: Applied effect Mining Fatigue to PEPELOTAS]
[17:06:10] [Server thread/INFO]: [@: Applied effect Mining Fatigue to PEPELOTAS]
[17:06:10] [Server thread/INFO]: [@: Applied effect Mining Fatigue to PEPELOTAS]
[17:06:10] [Server thread/INFO]: [@: Applied effect Mining Fatigue to PEPELOTAS]
[17:06:10] [Server thread/INFO]: [@: Applied effect Mining Fatigue to PEPELOTAS]
[17:06:10] [Server thread/INFO]: [@: Applied effect Mining Fatigue to PEPELOTAS]
[17:06:10] [Server thread/INFO]: [@: Applied effect Mining Fatigue to PEPELOTAS]
[17:06:10] [Server thread/INFO]: [@: Applied effect Mining Fatigue to PEPELOTAS]
[17:06:10] [Server thread/INFO]: [@: Applied effect Mining Fatigue to PEPELOTAS]
[17:06:10] [Server thread/INFO]: [@: Applied effect Mining Fatigue to PEPELOTAS]
[17:06:10] [Server thread/INFO]: [@: Applied effect Mining Fatigue to PEPELOTAS]
[17:06:10] [Server thread/INFO]: [@: Applied effect Mining Fatigue to PEPELOTAS]
[17:06:10] [Server thread/INFO]: [@: Applied effect Mining Fatigue to PEPELOTAS]
[17:06:10] [Server thread/INFO]: [@: Applied effect Mining Fatigue to PEPELOTAS]
[17:06:10] [Server thread/INFO]: [@: Applied effect Mining Fatigue to PEPELOTAS]
[17:06:10] [Server thread/INFO]: [@: Applied effect Mining Fatigue to PEPELOTAS]
[17:06:10] [Server thread/INFO]: [@: Applied effect Mining Fatigue to PEPELOTAS]
[17:06:11] [Server thread/INFO]: [@: Applied effect Mining Fatigue to PEPELOTAS]
[17:06:11] [Server thread/INFO]: [@: Applied effect Mining Fatigue to PEPELOTAS]
[17:06:11] [Server thread/INFO]: [@: Applied effect Mining Fatigue to PEPELOTAS]
[17:06:11] [Server thread/INFO]: [@: Applied effect Mining Fatigue to PEPELOTAS]
[17:06:11] [Server thread/INFO]: [@: Applied effect Mining Fatigue to PEPELOTAS]
[17:06:11] [Server thread/INFO]: [@: Applied effect Mining Fatigue to PEPELOTAS]
[17:06:11] [Server thread/INFO]: [@: Applied effect Mining Fatigue to PEPELOTAS]
[17:06:11] [Server thread/INFO]: [@: Applied effect Mining Fatigue to PEPELOTAS]
[17:06:11] [Server thread/INFO]: [@: Applied effect Mining Fatigue to PEPELOTAS]
[17:06:11] [Server thread/INFO]: [@: Applied effect Mining Fatigue to PEPELOTAS]
[17:06:11] [Server thread/INFO]: [@: Applied effect Mining Fatigue to PEPELOTAS]
[17:06:11] [Server thread/INFO]: [@: Applied effect Mining Fatigue to PEPELOTAS]
[17:06:11] [Server thread/INFO]: [@: Applied effect Mining Fatigue to PEPELOTAS]
[17:06:11] [Server thread/INFO]: [@: Applied effect Mining Fatigue to PEPELOTAS]
[17:06:11] [Server thread/INFO]: [@: Applied effect Mining Fatigue to PEPELOTAS]
[17:06:11] [Server thread/INFO]: [@: Applied effect Mining Fatigue to PEPELOTAS]
[17:06:11] [Server thread/INFO]: [@: Applied effect Mining Fatigue to PEPELOTAS]
[17:06:11] [Server thread/INFO]: [@: Applied effect Mining Fatigue to PEPELOTAS]
[17:06:11] [Server thread/INFO]: [@: Applied effect Mining Fatigue to PEPELOTAS]
[17:06:11] [Server thread/INFO]: [@: Applied effect Mining Fatigue to PEPELOTAS]
[17:06:12] [Server thread/INFO]: [@: Applied effect Mining Fatigue to PEPELOTAS]
[17:06:12] [Server thread/INFO]: [@: Applied effect Mining Fatigue to PEPELOTAS]
[17:06:12] [Server thread/INFO]: [@: Applied effect Mining Fatigue to PEPELOTAS]
[17:06:12] [Server thread/INFO]: [@: Applied effect Mining Fatigue to PEPELOTAS]
[17:06:12] [Server thread/INFO]: [@: Applied effect Mining Fatigue to PEPELOTAS]
[17:06:12] [Server thread/INFO]: [@: Applied effect Mining Fatigue to PEPELOTAS]
[17:06:12] [Server thread/INFO]: [@: Applied effect Mining Fatigue to PEPELOTAS]
[17:06:12] [Server thread/INFO]: [@: Applied effect Mining Fatigue to PEPELOTAS]
[17:06:12] [Server thread/INFO]: [@: Applied effect Mining Fatigue to PEPELOTAS]
[17:06:12] [Server thread/INFO]: [@: Applied effect Mining Fatigue to PEPELOTAS]
[17:06:12] [Server thread/INFO]: [@: Applied effect Mining Fatigue to PEPELOTAS]
[17:06:12] [Server thread/INFO]: [@: Applied effect Mining Fatigue to PEPELOTAS]
[17:06:12] [Server thread/INFO]: [@: Applied effect Mining Fatigue to PEPELOTAS]
[17:06:12] [Server thread/INFO]: [@: Applied effect Mining Fatigue to PEPELOTAS]
[17:06:12] [Server thread/INFO]: [@: Applied effect Mining Fatigue to PEPELOTAS]
[17:06:12] [Server thread/INFO]: [@: Applied effect Mining Fatigue to PEPELOTAS]
[17:06:12] [Server thread/INFO]: [@: Applied effect Mining Fatigue to PEPELOTAS]
[17:06:12] [Server thread/INFO]: [@: Applied effect Mining Fatigue to PEPELOTAS]
[17:06:12] [Server thread/INFO]: [@: Applied effect Mining Fatigue to PEPELOTAS]
[17:06:12] [Server thread/INFO]: [@: Applied effect Mining Fatigue to PEPELOTAS]
[17:06:13] [Server thread/INFO]: [@: Applied effect Mining Fatigue to PEPELOTAS]
[17:06:13] [Server thread/INFO]: [@: Applied effect Mining Fatigue to PEPELOTAS]
[17:06:13] [Server thread/INFO]: [@: Applied effect Mining Fatigue to PEPELOTAS]
[17:06:13] [Server thread/INFO]: [@: Applied effect Mining Fatigue to PEPELOTAS]
[17:06:13] [Server thread/INFO]: [@: Applied effect Mining Fatigue to PEPELOTAS]
[17:06:13] [Server thread/INFO]: [@: Applied effect Mining Fatigue to PEPELOTAS]
[17:06:13] [Server thread/INFO]: [@: Applied effect Mining Fatigue to PEPELOTAS]
[17:06:13] [Server thread/INFO]: [@: Applied effect Mining Fatigue to PEPELOTAS]
[17:06:13] [Server thread/INFO]: [@: Applied effect Mining Fatigue to PEPELOTAS]
[17:06:13] [Server thread/INFO]: [@: Applied effect Mining Fatigue to PEPELOTAS]
[17:06:13] [Server thread/INFO]: [@: Applied effect Mining Fatigue to PEPELOTAS]
[17:06:13] [Server thread/INFO]: [@: Applied effect Mining Fatigue to PEPELOTAS]
[17:06:13] [Server thread/INFO]: [@: Applied effect Mining Fatigue to PEPELOTAS]
[17:06:13] [Server thread/INFO]: [@: Applied effect Mining Fatigue to PEPELOTAS]
[17:06:13] [Server thread/INFO]: [@: Applied effect Mining Fatigue to PEPELOTAS]
[17:06:13] [Server thread/INFO]: [@: Applied effect Mining Fatigue to PEPELOTAS]
[17:06:13] [Server thread/INFO]: [@: Applied effect Mining Fatigue to PEPELOTAS]
[17:06:13] [Server thread/INFO]: [@: Applied effect Mining Fatigue to PEPELOTAS]
[17:06:13] [Server thread/INFO]: [@: Applied effect Mining Fatigue to PEPELOTAS]
[17:06:13] [Server thread/INFO]: [@: Applied effect Mining Fatigue to PEPELOTAS]
[17:06:14] [Server thread/INFO]: [@: Applied effect Mining Fatigue to PEPELOTAS]
[17:06:14] [Server thread/INFO]: [@: Applied effect Mining Fatigue to PEPELOTAS]
[17:06:14] [Server thread/INFO]: [@: Applied effect Mining Fatigue to PEPELOTAS]
[17:06:14] [Server thread/INFO]: [@: Applied effect Mining Fatigue to PEPELOTAS]
[17:06:14] [Server thread/INFO]: [@: Applied effect Mining Fatigue to PEPELOTAS]
[17:06:14] [Server thread/INFO]: [@: Applied effect Mining Fatigue to PEPELOTAS]
[17:06:14] [Server thread/INFO]: [@: Applied effect Mining Fatigue to PEPELOTAS]
[17:06:14] [Server thread/INFO]: [@: Applied effect Mining Fatigue to PEPELOTAS]
[17:06:14] [Server thread/INFO]: [@: Applied effect Mining Fatigue to PEPELOTAS]
[17:06:14] [Server thread/INFO]: [@: Applied effect Mining Fatigue to PEPELOTAS]
[17:06:14] [Server thread/INFO]: [@: Applied effect Mining Fatigue to PEPELOTAS]
[17:06:14] [Server thread/INFO]: [@: Applied effect Mining Fatigue to PEPELOTAS]
[17:06:14] [Server thread/INFO]: [@: Applied effect Mining Fatigue to PEPELOTAS]
[17:06:14] [Server thread/INFO]: [@: Applied effect Mining Fatigue to PEPELOTAS]
[17:06:14] [Server thread/INFO]: [@: Applied effect Mining Fatigue to PEPELOTAS]
[17:06:14] [Server thread/INFO]: [@: Applied effect Mining Fatigue to PEPELOTAS]
[17:06:14] [Server thread/INFO]: [@: Applied effect Mining Fatigue to PEPELOTAS]
[17:06:14] [Server thread/INFO]: [@: Applied effect Mining Fatigue to PEPELOTAS]
[17:06:14] [Server thread/INFO]: [@: Applied effect Mining Fatigue to PEPELOTAS]
[17:06:14] [Server thread/INFO]: [@: Applied effect Mining Fatigue to PEPELOTAS]
[17:06:15] [Server thread/INFO]: [@: Applied effect Mining Fatigue to PEPELOTAS]
[17:06:15] [Server thread/INFO]: [@: Applied effect Mining Fatigue to PEPELOTAS]
[17:06:15] [Server thread/INFO]: [@: Applied effect Mining Fatigue to PEPELOTAS]
[17:06:15] [Server thread/INFO]: [@: Applied effect Mining Fatigue to PEPELOTAS]
[17:06:15] [Server thread/INFO]: [@: Applied effect Mining Fatigue to PEPELOTAS]
[17:06:15] [Server thread/INFO]: [@: Applied effect Mining Fatigue to PEPELOTAS]
[17:06:15] [Server thread/INFO]: [@: Applied effect Mining Fatigue to PEPELOTAS]
[17:06:15] [Server thread/INFO]: [@: Applied effect Mining Fatigue to PEPELOTAS]
[17:06:15] [Server thread/INFO]: [@: Applied effect Mining Fatigue to PEPELOTAS]
[17:06:15] [Server thread/INFO]: [@: Applied effect Mining Fatigue to PEPELOTAS]
[17:06:15] [Server thread/INFO]: [@: Applied effect Mining Fatigue to PEPELOTAS]
[17:06:15] [Server thread/INFO]: [@: Applied effect Mining Fatigue to PEPELOTAS]
[17:06:15] [Server thread/INFO]: [@: Applied effect Mining Fatigue to PEPELOTAS]
[17:06:15] [Server thread/INFO]: [@: Applied effect Mining Fatigue to PEPELOTAS]
[17:06:15] [Server thread/INFO]: [@: Applied effect Mining Fatigue to PEPELOTAS]
[17:06:15] [Server thread/INFO]: [@: Applied effect Mining Fatigue to PEPELOTAS]
[17:06:15] [Server thread/INFO]: [@: Applied effect Mining Fatigue to PEPELOTAS]
[17:06:15] [Server thread/INFO]: [@: Applied effect Mining Fatigue to PEPELOTAS]
[17:06:15] [Server thread/INFO]: [@: Applied effect Mining Fatigue to PEPELOTAS]
[17:06:15] [Server thread/INFO]: [@: Applied effect Mining Fatigue to PEPELOTAS]
[17:06:16] [Server thread/INFO]: [@: Applied effect Mining Fatigue to PEPELOTAS]
[17:06:16] [Server thread/INFO]: [@: Applied effect Mining Fatigue to PEPELOTAS]
[17:06:16] [Server thread/INFO]: [@: Applied effect Mining Fatigue to PEPELOTAS]
[17:06:16] [Server thread/INFO]: [@: Applied effect Mining Fatigue to PEPELOTAS]
[17:06:16] [Server thread/INFO]: [@: Applied effect Mining Fatigue to PEPELOTAS]
[17:06:16] [Server thread/INFO]: [@: Applied effect Mining Fatigue to PEPELOTAS]
[17:06:16] [Server thread/INFO]: [@: Applied effect Mining Fatigue to PEPELOTAS]
[17:06:16] [Server thread/INFO]: [@: Applied effect Mining Fatigue to PEPELOTAS]
[17:06:16] [Server thread/INFO]: [@: Applied effect Mining Fatigue to PEPELOTAS]
[17:06:16] [Server thread/INFO]: [@: Applied effect Mining Fatigue to PEPELOTAS]
[17:06:16] [Server thread/INFO]: [@: Applied effect Mining Fatigue to PEPELOTAS]
[17:06:16] [Server thread/INFO]: [@: Applied effect Mining Fatigue to PEPELOTAS]
[17:06:16] [Server thread/INFO]: [@: Applied effect Mining Fatigue to PEPELOTAS]
[17:06:16] [Server thread/INFO]: [@: Applied effect Mining Fatigue to PEPELOTAS]
[17:06:16] [Server thread/INFO]: [@: Applied effect Mining Fatigue to PEPELOTAS]
[17:06:16] [Server thread/INFO]: [@: Applied effect Mining Fatigue to PEPELOTAS]
[17:06:16] [Server thread/INFO]: [@: Applied effect Mining Fatigue to PEPELOTAS]
[17:06:16] [Server thread/INFO]: [@: Applied effect Mining Fatigue to PEPELOTAS]
[17:06:16] [Server thread/INFO]: [@: Applied effect Mining Fatigue to PEPELOTAS]
[17:06:16] [Server thread/INFO]: [@: Applied effect Mining Fatigue to PEPELOTAS]
[17:06:17] [Server thread/INFO]: [@: Applied effect Mining Fatigue to PEPELOTAS]
[17:06:17] [Server thread/INFO]: [@: Applied effect Mining Fatigue to PEPELOTAS]
[17:06:17] [Server thread/INFO]: [@: Applied effect Mining Fatigue to PEPELOTAS]
[17:06:17] [Server thread/INFO]: [@: Applied effect Mining Fatigue to PEPELOTAS]
[17:06:17] [Server thread/INFO]: [@: Applied effect Mining Fatigue to PEPELOTAS]
[17:06:17] [Server thread/INFO]: [@: Applied effect Mining Fatigue to PEPELOTAS]
[17:06:17] [Server thread/INFO]: [@: Applied effect Mining Fatigue to PEPELOTAS]
[17:06:17] [Server thread/INFO]: [@: Applied effect Mining Fatigue to PEPELOTAS]
[17:06:17] [Server thread/INFO]: [@: Applied effect Mining Fatigue to PEPELOTAS]
[17:06:17] [Server thread/INFO]: [@: Applied effect Mining Fatigue to PEPELOTAS]
[17:06:17] [Server thread/INFO]: [@: Applied effect Mining Fatigue to PEPELOTAS]
[17:06:17] [Server thread/INFO]: [@: Applied effect Mining Fatigue to PEPELOTAS]
[17:06:17] [Server thread/INFO]: [@: Applied effect Mining Fatigue to PEPELOTAS]
[17:06:17] [Server thread/INFO]: [@: Applied effect Mining Fatigue to PEPELOTAS]
[17:06:17] [Server thread/INFO]: [@: Applied effect Mining Fatigue to PEPELOTAS]
[17:06:17] [Server thread/INFO]: [@: Applied effect Mining Fatigue to PEPELOTAS]
[17:06:17] [Server thread/INFO]: [@: Applied effect Mining Fatigue to PEPELOTAS]
[17:06:17] [Server thread/INFO]: [@: Applied effect Mining Fatigue to PEPELOTAS]
[17:06:17] [Server thread/INFO]: [@: Applied effect Mining Fatigue to PEPELOTAS]
[17:06:17] [Server thread/INFO]: [@: Applied effect Mining Fatigue to PEPELOTAS]
[17:06:18] [Server thread/INFO]: [@: Applied effect Mining Fatigue to PEPELOTAS]
[17:06:18] [Server thread/INFO]: [@: Applied effect Mining Fatigue to PEPELOTAS]
[17:06:18] [Server thread/INFO]: [@: Applied effect Mining Fatigue to PEPELOTAS]
[17:06:18] [Server thread/INFO]: [@: Applied effect Mining Fatigue to PEPELOTAS]
[17:06:18] [Server thread/INFO]: [@: Applied effect Mining Fatigue to PEPELOTAS]
[17:06:18] [Server thread/INFO]: [@: Applied effect Mining Fatigue to PEPELOTAS]
[17:06:18] [Server thread/INFO]: [@: Applied effect Mining Fatigue to PEPELOTAS]
[17:06:18] [Server thread/INFO]: [@: Applied effect Mining Fatigue to PEPELOTAS]
[17:06:18] [Server thread/INFO]: [@: Applied effect Mining Fatigue to PEPELOTAS]
[17:06:18] [Server thread/INFO]: [@: Applied effect Mining Fatigue to PEPELOTAS]
[17:06:18] [Server thread/INFO]: [@: Applied effect Mining Fatigue to PEPELOTAS]
[17:06:18] [Server thread/INFO]: [@: Applied effect Mining Fatigue to PEPELOTAS]
[17:06:18] [Server thread/INFO]: [@: Applied effect Mining Fatigue to PEPELOTAS]
[17:06:18] [Server thread/INFO]: [@: Applied effect Mining Fatigue to PEPELOTAS]
[17:06:18] [Server thread/INFO]: [@: Applied effect Mining Fatigue to PEPELOTAS]
[17:06:18] [Server thread/INFO]: [@: Applied effect Mining Fatigue to PEPELOTAS]
[17:06:18] [Server thread/INFO]: [@: Applied effect Mining Fatigue to PEPELOTAS]
[17:06:18] [Server thread/INFO]: [@: Applied effect Mining Fatigue to PEPELOTAS]
[17:06:18] [Server thread/INFO]: [@: Applied effect Mining Fatigue to PEPELOTAS]
[17:06:18] [Server thread/INFO]: [@: Applied effect Mining Fatigue to PEPELOTAS]
[17:06:19] [Server thread/INFO]: [@: Applied effect Mining Fatigue to PEPELOTAS]
[17:06:19] [Server thread/INFO]: [@: Applied effect Mining Fatigue to PEPELOTAS]
[17:06:19] [Server thread/INFO]: [@: Applied effect Mining Fatigue to PEPELOTAS]
[17:06:19] [Server thread/INFO]: [@: Applied effect Mining Fatigue to PEPELOTAS]
[17:06:19] [Server thread/INFO]: [@: Applied effect Mining Fatigue to PEPELOTAS]
[17:06:19] [Server thread/INFO]: [@: Applied effect Mining Fatigue to PEPELOTAS]
[17:06:19] [Server thread/INFO]: [@: Applied effect Mining Fatigue to PEPELOTAS]
[17:06:19] [Server thread/INFO]: [@: Applied effect Mining Fatigue to PEPELOTAS]
[17:06:19] [Server thread/INFO]: [@: Applied effect Mining Fatigue to PEPELOTAS]
[17:06:19] [Server thread/INFO]: [@: Applied effect Mining Fatigue to PEPELOTAS]
[17:06:19] [Server thread/INFO]: [@: Applied effect Mining Fatigue to PEPELOTAS]
[17:06:19] [Server thread/INFO]: [@: Applied effect Mining Fatigue to PEPELOTAS]
[17:06:19] [Server thread/INFO]: [@: Applied effect Mining Fatigue to PEPELOTAS]
[17:06:19] [Server thread/INFO]: [@: Applied effect Mining Fatigue to PEPELOTAS]
[17:06:19] [Server thread/INFO]: [@: Applied effect Mining Fatigue to PEPELOTAS]
[17:06:19] [Server thread/INFO]: [@: Applied effect Mining Fatigue to PEPELOTAS]
[17:06:19] [Server thread/INFO]: [@: Applied effect Mining Fatigue to PEPELOTAS]
[17:06:19] [Server thread/INFO]: [@: Applied effect Mining Fatigue to PEPELOTAS]
[17:06:19] [Server thread/INFO]: [@: Applied effect Mining Fatigue to PEPELOTAS]
[17:06:19] [Server thread/INFO]: [@: Applied effect Mining Fatigue to PEPELOTAS]
[17:06:20] [Server thread/INFO]: [@: Applied effect Mining Fatigue to PEPELOTAS]
[17:06:20] [Server thread/INFO]: [@: Applied effect Mining Fatigue to PEPELOTAS]
[17:06:20] [Server thread/INFO]: [@: Applied effect Mining Fatigue to PEPELOTAS]
[17:06:20] [Server thread/INFO]: [@: Applied effect Mining Fatigue to PEPELOTAS]
[17:06:20] [Server thread/INFO]: [@: Applied effect Mining Fatigue to PEPELOTAS]
[17:06:20] [Server thread/INFO]: [@: Applied effect Mining Fatigue to PEPELOTAS]
[17:06:20] [Server thread/INFO]: [@: Applied effect Mining Fatigue to PEPELOTAS]
[17:06:20] [Server thread/INFO]: [@: Applied effect Mining Fatigue to PEPELOTAS]
[17:06:20] [Server thread/INFO]: [@: Applied effect Mining Fatigue to PEPELOTAS]
[17:06:20] [Server thread/INFO]: [@: Applied effect Mining Fatigue to PEPELOTAS]
[17:06:20] [Server thread/INFO]: [@: Applied effect Mining Fatigue to PEPELOTAS]
[17:06:20] [Server thread/INFO]: [@: Applied effect Mining Fatigue to PEPELOTAS]
[17:06:20] [Server thread/INFO]: [@: Applied effect Mining Fatigue to PEPELOTAS]
[17:06:20] [Server thread/INFO]: [@: Applied effect Mining Fatigue to PEPELOTAS]
[17:06:20] [Server thread/INFO]: [@: Applied effect Mining Fatigue to PEPELOTAS]
[17:06:20] [Server thread/INFO]: [@: Applied effect Mining Fatigue to PEPELOTAS]
[17:06:20] [Server thread/INFO]: [@: Applied effect Mining Fatigue to PEPELOTAS]
[17:06:20] [Server thread/INFO]: [@: Applied effect Mining Fatigue to PEPELOTAS]
[17:06:20] [Server thread/INFO]: [@: Applied effect Mining Fatigue to PEPELOTAS]
[17:06:20] [Server thread/INFO]: [@: Applied effect Mining Fatigue to PEPELOTAS]
[17:06:21] [Server thread/INFO]: [@: Applied effect Mining Fatigue to PEPELOTAS]
[17:06:21] [Server thread/INFO]: [@: Applied effect Mining Fatigue to PEPELOTAS]
[17:06:21] [Server thread/INFO]: [@: Applied effect Mining Fatigue to PEPELOTAS]
[17:06:21] [Server thread/INFO]: [@: Applied effect Mining Fatigue to PEPELOTAS]
[17:06:21] [Server thread/INFO]: [@: Applied effect Mining Fatigue to PEPELOTAS]
[17:06:21] [Server thread/INFO]: [@: Applied effect Mining Fatigue to PEPELOTAS]
[17:06:21] [Server thread/INFO]: [@: Applied effect Mining Fatigue to PEPELOTAS]
[17:06:21] [Server thread/INFO]: [@: Applied effect Mining Fatigue to PEPELOTAS]
[17:06:21] [Server thread/INFO]: [@: Applied effect Mining Fatigue to PEPELOTAS]
[17:06:21] [Server thread/INFO]: [@: Applied effect Mining Fatigue to PEPELOTAS]
[17:06:21] [Server thread/INFO]: [@: Applied effect Mining Fatigue to PEPELOTAS]
[17:06:21] [Server thread/INFO]: [@: Applied effect Mining Fatigue to PEPELOTAS]
[17:06:21] [Server thread/INFO]: [@: Applied effect Mining Fatigue to PEPELOTAS]
[17:06:21] [Server thread/INFO]: [@: Applied effect Mining Fatigue to PEPELOTAS]
[17:06:21] [Server thread/INFO]: [@: Applied effect Mining Fatigue to PEPELOTAS]
[17:09:20] [Server thread/INFO]: PEPELOTAS lost connection: Disconnected
[17:09:20] [Server thread/INFO]: PEPELOTAS left the game
[17:22:21] [Server thread/INFO]: Adrian lost connection: Disconnected
[17:22:21] [Server thread/INFO]: Adrian left the game
[17:33:21] [Server thread/WARN]: selfepidemiic moved too quickly! -11.161030295747594,-0.49520087700592796,-0.5893289301379809
[17:53:18] [User Authenticator #428/INFO]: UUID of player Adrian is 2d75aef4-517b-392c-945d-19c3b3c59e06
[17:53:19] [Server thread/INFO]: Adrian[/187.233.210.247:52412] logged in with entity id 479942 at ([maincra-server]-286.0116411885431, 63.0, -827.1201243426405)
[17:59:04] [Server thread/INFO]: selfepidemiic lost connection: Disconnected
[17:59:04] [Server thread/INFO]: selfepidemiic left the game
[17:59:14] [Server thread/INFO]: Adrian lost connection: Disconnected
[17:59:14] [Server thread/INFO]: Adrian left the game
[20:00:28] [User Authenticator #429/INFO]: UUID of player selfepidemiic is 4e631165-bb87-3382-8be6-eab3c023c909
[20:00:28] [Server thread/INFO]: selfepidemiic[/189.239.23.28:61345] logged in with entity id 480146 at ([maincra-server]-286.6939150107295, 63.0, -826.2515490944514)
[20:05:16] [User Authenticator #430/INFO]: UUID of player Adrian is 2d75aef4-517b-392c-945d-19c3b3c59e06
[20:05:17] [Server thread/INFO]: Adrian[/187.233.210.247:53468] logged in with entity id 480722 at ([maincra-server]-255.66307370990353, 69.0, -823.0881111311451)
[20:07:24] [Server thread/INFO]: selfepidemiic lost connection: Disconnected
[20:07:24] [Server thread/INFO]: selfepidemiic left the game
[20:07:29] [User Authenticator #431/INFO]: UUID of player selfepidemiic is 4e631165-bb87-3382-8be6-eab3c023c909
[20:07:29] [Server thread/INFO]: selfepidemiic[/189.239.23.28:61357] logged in with entity id 480785 at ([maincra-server]-264.42633670455115, 73.0, -822.7423109749253)
[20:20:07] [Server thread/INFO]: selfepidemiic lost connection: Disconnected
[20:20:07] [Server thread/INFO]: selfepidemiic left the game
[20:20:09] [User Authenticator #432/INFO]: UUID of player selfepidemiic is 4e631165-bb87-3382-8be6-eab3c023c909
[20:20:09] [Server thread/INFO]: selfepidemiic[/189.239.23.28:61389] logged in with entity id 482804 at ([maincra-server]-325.59533891841596, 65.0, -834.6999999880791)
[20:25:53] [Server thread/INFO]: selfepidemiic lost connection: Disconnected
[20:25:53] [Server thread/INFO]: selfepidemiic left the game
[20:25:58] [User Authenticator #433/INFO]: UUID of player selfepidemiic is 4e631165-bb87-3382-8be6-eab3c023c909
[20:25:58] [Server thread/INFO]: selfepidemiic[/189.239.23.28:61404] logged in with entity id 483433 at ([maincra-server]-340.7876376229499, 66.0, -822.8147927985763)
[20:37:56] [Server thread/INFO]: selfepidemiic lost connection: Disconnected
[20:37:56] [Server thread/INFO]: selfepidemiic left the game
[20:39:20] [User Authenticator #434/INFO]: UUID of player selfepidemiic is 4e631165-bb87-3382-8be6-eab3c023c909
[20:39:20] [Server thread/INFO]: selfepidemiic[/189.239.23.28:61427] logged in with entity id 485092 at ([maincra-server]-280.5395498451904, 55.0, -823.8560281499081)
[20:43:57] [Server thread/INFO]: selfepidemiic lost connection: Disconnected
[20:43:57] [Server thread/INFO]: selfepidemiic left the game
[20:46:32] [User Authenticator #435/INFO]: UUID of player selfepidemiic is 4e631165-bb87-3382-8be6-eab3c023c909
[20:46:32] [Server thread/INFO]: selfepidemiic[/189.239.23.28:61445] logged in with entity id 488118 at ([maincra-server]-328.1046947456594, 66.0, -832.44152566045)
[20:46:42] [Async Chat Thread - #173/INFO]: <selfepidemiic> muteada[m
[20:46:44] [Async Chat Thread - #173/INFO]: <selfepidemiic> che memes[m
[20:46:46] [Async Chat Thread - #173/INFO]: <selfepidemiic> odia a kro[m
[20:54:16] [Async Chat Thread - #174/INFO]: <selfepidemiic> deja[m
[20:54:17] [Async Chat Thread - #174/INFO]: <selfepidemiic> ahí[m
[20:54:26] [Async Chat Thread - #174/INFO]: <selfepidemiic> vamos a hacer una montañota[m
[20:54:28] [Async Chat Thread - #174/INFO]: <selfepidemiic> montañita*[m
[20:54:39] [Async Chat Thread - #174/INFO]: <selfepidemiic> aquí[m
[20:54:46] [Async Chat Thread - #174/INFO]: <selfepidemiic> por la casa en montaña[m
[20:57:45] [Server thread/INFO]: selfepidemiic lost connection: Disconnected
[20:57:45] [Server thread/INFO]: selfepidemiic left the game
[20:57:46] [User Authenticator #436/INFO]: UUID of player selfepidemiic is 4e631165-bb87-3382-8be6-eab3c023c909
[20:57:46] [Server thread/INFO]: selfepidemiic[/189.239.23.28:61468] logged in with entity id 490028 at ([maincra-server]-313.83888956193414, 69.0, -835.2654897878003)
[20:58:03] [Async Chat Thread - #175/INFO]: <selfepidemiic> lagg[m
[20:58:07] [Async Chat Thread - #175/INFO]: <Adrian> clasico[m
[20:58:10] [Async Chat Thread - #175/INFO]: <selfepidemiic> ok[m
[20:58:20] [Async Chat Thread - #175/INFO]: <selfepidemiic> deja ahi[m
[20:58:23] [Async Chat Thread - #175/INFO]: <selfepidemiic> que haré montaña[m
[21:01:28] [Async Chat Thread - #176/INFO]: <selfepidemiic> mjjj[m
[21:01:40] [Async Chat Thread - #176/INFO]: <selfepidemiic> deja de picar abajo[m
[21:01:46] [Async Chat Thread - #176/INFO]: <selfepidemiic> ahora hay que acomodar de arriba no??[m
[21:01:51] [Async Chat Thread - #176/INFO]: <selfepidemiic> para la montaña[m
[21:03:20] [Server thread/INFO]: selfepidemiic lost connection: Disconnected
[21:03:20] [Server thread/INFO]: selfepidemiic left the game
[21:03:25] [User Authenticator #437/INFO]: UUID of player selfepidemiic is 4e631165-bb87-3382-8be6-eab3c023c909
[21:03:25] [Server thread/INFO]: selfepidemiic[/189.239.23.28:61479] logged in with entity id 490698 at ([maincra-server]-330.58049748429596, 64.0, -842.6802859903619)
[21:03:30] [Async Chat Thread - #177/INFO]: <selfepidemiic> que dejes[m
[21:03:31] [Async Chat Thread - #177/INFO]: <selfepidemiic> ahí[m
[21:03:35] [Async Chat Thread - #177/INFO]: <selfepidemiic> vamos a formar[m
[21:03:36] [Async Chat Thread - #177/INFO]: <selfepidemiic> la[m
[21:03:38] [Async Chat Thread - #177/INFO]: <selfepidemiic> montaña!!![m
[21:03:43] [Async Chat Thread - #177/INFO]: <selfepidemiic> aaaaaaaaaaaaaaaaa[m
[21:03:51] [Async Chat Thread - #177/INFO]: <selfepidemiic> quitale de arriba[m
[21:06:23] [Server thread/INFO]: selfepidemiic lost connection: Disconnected
[21:06:23] [Server thread/INFO]: selfepidemiic left the game
[21:06:24] [User Authenticator #438/INFO]: UUID of player selfepidemiic is 4e631165-bb87-3382-8be6-eab3c023c909
[21:06:24] [Server thread/INFO]: selfepidemiic[/189.239.23.28:61487] logged in with entity id 491314 at ([maincra-server]-343.3994198842219, 65.0, -850.272048814991)
[21:15:19] [Server thread/INFO]: Adrian lost connection: Disconnected
[21:15:19] [Server thread/INFO]: Adrian left the game
[21:18:29] [Server thread/WARN]: selfepidemiic moved wrongly!
[21:18:31] [Server thread/INFO]: selfepidemiic lost connection: Disconnected
[21:18:31] [Server thread/INFO]: selfepidemiic left the game
[21:18:34] [User Authenticator #439/INFO]: UUID of player selfepidemiic is 4e631165-bb87-3382-8be6-eab3c023c909
[21:18:34] [Server thread/INFO]: selfepidemiic[/189.239.23.28:61509] logged in with entity id 492657 at ([maincra-server]-314.6003985166106, 63.9375, -819.4726626591396)
[21:19:15] [User Authenticator #440/INFO]: UUID of player Adrian is 2d75aef4-517b-392c-945d-19c3b3c59e06
[21:19:16] [Server thread/INFO]: Adrian[/187.233.210.247:53796] logged in with entity id 493049 at ([maincra-server]-339.2839992410764, 64.0, -836.9839997248189)
[21:19:27] [Server thread/INFO]: Adrian lost connection: Disconnected
[21:19:27] [Server thread/INFO]: Adrian left the game
[21:21:00] [Server thread/INFO]: selfepidemiic lost connection: Disconnected
[21:21:00] [Server thread/INFO]: selfepidemiic left the game
[22:22:16] [User Authenticator #441/INFO]: UUID of player Adrian is 2d75aef4-517b-392c-945d-19c3b3c59e06
[22:22:16] [Server thread/INFO]: Adrian[/187.233.210.247:18649] logged in with entity id 493127 at ([maincra-server]-335.68113343172666, 64.0, -838.2946181942413)
[22:34:03] [Async Chat Thread - #178/INFO]: <Adrian> Adrian[m
[22:43:54] [Server thread/INFO]: Adrian lost connection: Disconnected
[22:43:54] [Server thread/INFO]: Adrian left the game
[22:50:20] [User Authenticator #442/INFO]: UUID of player selfepidemiic is 4e631165-bb87-3382-8be6-eab3c023c909
[22:50:21] [Server thread/INFO]: selfepidemiic[/189.239.23.28:62800] logged in with entity id 494026 at ([maincra-server]-324.4708099570099, 64.0, -826.4251448356497)
[22:57:10] [User Authenticator #443/INFO]: UUID of player selfepidemiic is 4e631165-bb87-3382-8be6-eab3c023c909
[22:57:10] [Server thread/INFO]: selfepidemiic lost connection: You logged in from another location
[22:57:10] [Server thread/INFO]: selfepidemiic left the game
[22:57:11] [Server thread/INFO]: selfepidemiic[/189.239.23.28:62815] logged in with entity id 494602 at ([maincra-server]-298.92500001192093, 64.0, -827.0613573244658)
[23:04:33] [User Authenticator #444/INFO]: UUID of player selfepidemiic is 4e631165-bb87-3382-8be6-eab3c023c909
[23:04:33] [Server thread/INFO]: selfepidemiic lost connection: You logged in from another location
[23:04:33] [Server thread/INFO]: selfepidemiic left the game
[23:04:34] [Server thread/INFO]: selfepidemiic[/189.239.23.28:62831] logged in with entity id 494829 at ([maincra-server]-321.4820345222285, 64.0, -826.786144693432)
[23:24:08] [Server thread/INFO]: selfepidemiic lost connection: Disconnected
[23:24:08] [Server thread/INFO]: selfepidemiic left the game
